{
  "/Users/andressild/Projects/time_tracker_front/pages/auth/sign-in.vue": {
    "path": "/Users/andressild/Projects/time_tracker_front/pages/auth/sign-in.vue",
    "statementMap": {
      "0": {
        "start": {
          "line": 1,
          "column": 0
        },
        "end": {
          "line": 1,
          "column": null
        }
      },
      "1": {
        "start": {
          "line": 43,
          "column": 15
        },
        "end": {
          "line": 43,
          "column": null
        }
      },
      "2": {
        "start": {
          "line": 45,
          "column": 4
        },
        "end": {
          "line": 45,
          "column": 11
        }
      },
      "3": {
        "start": {
          "line": 56,
          "column": 6
        },
        "end": {
          "line": 56,
          "column": 11
        }
      },
      "4": {
        "start": {
          "line": 57,
          "column": 8
        },
        "end": {
          "line": 62,
          "column": null
        }
      },
      "5": {
        "start": {
          "line": 58,
          "column": 10
        },
        "end": {
          "line": 58,
          "column": 22
        }
      },
      "6": {
        "start": {
          "line": 59,
          "column": 10
        },
        "end": {
          "line": 59,
          "column": 15
        }
      },
      "7": {
        "start": {
          "line": 61,
          "column": 10
        },
        "end": {
          "line": 61,
          "column": 15
        }
      },
      "8": {
        "start": {
          "line": 68,
          "column": 13
        },
        "end": {
          "line": 68,
          "column": 4
        }
      },
      "9": {
        "start": {
          "line": 69,
          "column": 12
        },
        "end": {
          "line": 69,
          "column": null
        }
      },
      "10": {
        "start": {
          "line": 70,
          "column": 11
        },
        "end": {
          "line": 70,
          "column": null
        }
      },
      "11": {
        "start": {
          "line": 71,
          "column": 11
        },
        "end": {
          "line": 71,
          "column": null
        }
      },
      "12": {
        "start": {
          "line": 72,
          "column": 2
        },
        "end": {
          "line": 72,
          "column": 9
        }
      },
      "13": {
        "start": {
          "line": 109,
          "column": 28
        },
        "end": {
          "line": 109,
          "column": 31
        }
      },
      "14": {
        "start": {
          "line": 137,
          "column": 28
        },
        "end": {
          "line": 137,
          "column": 31
        }
      },
      "15": {
        "start": {
          "line": 152,
          "column": 26
        },
        "end": {
          "line": 152,
          "column": 32
        }
      },
      "16": {
        "start": {
          "line": 153,
          "column": 26
        },
        "end": {
          "line": 153,
          "column": 32
        }
      },
      "17": {
        "start": {
          "line": 154,
          "column": 26
        },
        "end": {
          "line": 154,
          "column": 33
        }
      },
      "18": {
        "start": {
          "line": 173,
          "column": 22
        },
        "end": {
          "line": 173,
          "column": null
        }
      },
      "19": {
        "start": {
          "line": 174,
          "column": 0
        },
        "end": {
          "line": 174,
          "column": 6
        }
      },
      "20": {
        "start": {
          "line": 176,
          "column": 1
        },
        "end": {
          "line": 176,
          "column": 2
        }
      },
      "21": {
        "start": {
          "line": 177,
          "column": 0
        },
        "end": {
          "line": 177,
          "column": 1
        }
      },
      "22": {
        "start": {
          "line": 178,
          "column": 0
        },
        "end": {
          "line": 178,
          "column": 1
        }
      }
    },
    "fnMap": {
      "0": {
        "name": "(anonymous_0)",
        "decl": {
          "start": {
            "line": 44,
            "column": 2
          },
          "end": {
            "line": 44,
            "column": 6
          }
        },
        "loc": {
          "start": {
            "line": 44,
            "column": 10
          },
          "end": {
            "line": 43,
            "column": null
          }
        }
      },
      "1": {
        "name": "(anonymous_1)",
        "decl": {
          "start": {
            "line": 55,
            "column": 4
          },
          "end": {
            "line": 55,
            "column": 12
          }
        },
        "loc": {
          "start": {
            "line": 55,
            "column": 16
          },
          "end": {
            "line": 64,
            "column": null
          }
        }
      },
      "2": {
        "name": "(anonymous_2)",
        "decl": {
          "start": {
            "line": 56,
            "column": 54
          },
          "end": {
            "line": 56,
            "column": 67
          }
        },
        "loc": {
          "start": {
            "line": 56,
            "column": 67
          },
          "end": {
            "line": 56,
            "column": 11
          }
        }
      },
      "3": {
        "name": "(anonymous_3)",
        "decl": {
          "start": {
            "line": 68,
            "column": 13
          },
          "end": {
            "line": 68,
            "column": 24
          }
        },
        "loc": {
          "start": {
            "line": 68,
            "column": 24
          },
          "end": {
            "line": 68,
            "column": 4
          }
        }
      },
      "4": {
        "name": "(anonymous_4)",
        "decl": {
          "start": {
            "line": 108,
            "column": 36
          },
          "end": {
            "line": 108,
            "column": 45
          }
        },
        "loc": {
          "start": {
            "line": 108,
            "column": 50
          },
          "end": {
            "line": 106,
            "column": null
          }
        }
      },
      "5": {
        "name": "(anonymous_5)",
        "decl": {
          "start": {
            "line": 136,
            "column": 36
          },
          "end": {
            "line": 136,
            "column": 45
          }
        },
        "loc": {
          "start": {
            "line": 136,
            "column": 50
          },
          "end": {
            "line": 134,
            "column": null
          }
        }
      },
      "6": {
        "name": "(anonymous_6)",
        "decl": {
          "start": {
            "line": 151,
            "column": 31
          },
          "end": {
            "line": 151,
            "column": 40
          }
        },
        "loc": {
          "start": {
            "line": 151,
            "column": 48
          },
          "end": {
            "line": 155,
            "column": null
          }
        }
      }
    },
    "branchMap": {
      "0": {
        "loc": {
          "start": {
            "line": 57,
            "column": 8
          },
          "end": {
            "line": 62,
            "column": null
          }
        },
        "type": "if",
        "locations": [
          {
            "start": {
              "line": 57,
              "column": 8
            },
            "end": {
              "line": 62,
              "column": null
            }
          },
          {
            "start": {
              "line": 57,
              "column": 8
            },
            "end": {
              "line": 62,
              "column": null
            }
          }
        ]
      },
      "1": {
        "loc": {
          "start": {
            "line": 71,
            "column": 11
          },
          "end": {
            "line": 71,
            "column": 27
          }
        },
        "type": "binary-expr",
        "locations": [
          {
            "start": {
              "line": 71,
              "column": 11
            },
            "end": {
              "line": 71,
              "column": 27
            }
          },
          {
            "start": {
              "line": 71,
              "column": 27
            },
            "end": {
              "line": 71,
              "column": null
            }
          }
        ]
      },
      "2": {
        "loc": {
          "start": {
            "line": 176,
            "column": 2
          },
          "end": {
            "line": 176,
            "column": 56
          }
        },
        "type": "binary-expr",
        "locations": [
          {
            "start": {
              "line": 176,
              "column": 2
            },
            "end": {
              "line": 176,
              "column": 56
            }
          },
          {
            "start": {
              "line": 176,
              "column": 56
            },
            "end": {
              "line": 176,
              "column": 82
            }
          },
          {
            "start": {
              "line": 176,
              "column": 82
            },
            "end": {
              "line": 176,
              "column": 98
            }
          }
        ]
      },
      "3": {
        "loc": {
          "start": {
            "line": 176,
            "column": 3
          },
          "end": {
            "line": 176,
            "column": 29
          }
        },
        "type": "binary-expr",
        "locations": [
          {
            "start": {
              "line": 176,
              "column": 3
            },
            "end": {
              "line": 176,
              "column": 29
            }
          },
          {
            "start": {
              "line": 176,
              "column": 29
            },
            "end": {
              "line": 176,
              "column": 45
            }
          }
        ]
      },
      "4": {
        "loc": {
          "start": {
            "line": 177,
            "column": 1
          },
          "end": {
            "line": 177,
            "column": 55
          }
        },
        "type": "binary-expr",
        "locations": [
          {
            "start": {
              "line": 177,
              "column": 1
            },
            "end": {
              "line": 177,
              "column": 55
            }
          },
          {
            "start": {
              "line": 177,
              "column": 55
            },
            "end": {
              "line": 177,
              "column": 81
            }
          },
          {
            "start": {
              "line": 177,
              "column": 81
            },
            "end": {
              "line": 177,
              "column": 97
            }
          }
        ]
      },
      "5": {
        "loc": {
          "start": {
            "line": 177,
            "column": 2
          },
          "end": {
            "line": 177,
            "column": 28
          }
        },
        "type": "binary-expr",
        "locations": [
          {
            "start": {
              "line": 177,
              "column": 2
            },
            "end": {
              "line": 177,
              "column": 28
            }
          },
          {
            "start": {
              "line": 177,
              "column": 28
            },
            "end": {
              "line": 177,
              "column": 44
            }
          }
        ]
      },
      "6": {
        "loc": {
          "start": {
            "line": 178,
            "column": 1
          },
          "end": {
            "line": 178,
            "column": 55
          }
        },
        "type": "binary-expr",
        "locations": [
          {
            "start": {
              "line": 178,
              "column": 1
            },
            "end": {
              "line": 178,
              "column": 55
            }
          },
          {
            "start": {
              "line": 178,
              "column": 55
            },
            "end": {
              "line": 178,
              "column": 81
            }
          },
          {
            "start": {
              "line": 178,
              "column": 81
            },
            "end": {
              "line": 178,
              "column": 97
            }
          }
        ]
      },
      "7": {
        "loc": {
          "start": {
            "line": 178,
            "column": 2
          },
          "end": {
            "line": 178,
            "column": 28
          }
        },
        "type": "binary-expr",
        "locations": [
          {
            "start": {
              "line": 178,
              "column": 2
            },
            "end": {
              "line": 178,
              "column": 28
            }
          },
          {
            "start": {
              "line": 178,
              "column": 28
            },
            "end": {
              "line": 178,
              "column": 44
            }
          }
        ]
      }
    },
    "s": {
      "0": 1,
      "1": 1,
      "2": 3,
      "3": 3,
      "4": 3,
      "5": 2,
      "6": 2,
      "7": 1,
      "8": 1,
      "9": 4,
      "10": 4,
      "11": 4,
      "12": 4,
      "13": 0,
      "14": 0,
      "15": 0,
      "16": 0,
      "17": 0,
      "18": 1,
      "19": 1,
      "20": 1,
      "21": 1,
      "22": 1
    },
    "f": {
      "0": 3,
      "1": 3,
      "2": 3,
      "3": 4,
      "4": 0,
      "5": 0,
      "6": 0
    },
    "b": {
      "0": [
        2,
        1
      ],
      "1": [
        4,
        0
      ],
      "2": [
        1,
        1,
        0
      ],
      "3": [
        1,
        0
      ],
      "4": [
        1,
        1,
        0
      ],
      "5": [
        1,
        0
      ],
      "6": [
        1,
        1,
        0
      ],
      "7": [
        1,
        0
      ]
    }
  },
  "/Users/andressild/Projects/time_tracker_front/store/mutations.js": {
    "path": "/Users/andressild/Projects/time_tracker_front/store/mutations.js",
    "statementMap": {
      "0": {
        "start": {
          "line": 1,
          "column": 15
        },
        "end": {
          "line": 1,
          "column": null
        }
      },
      "1": {
        "start": {
          "line": 3,
          "column": 4
        },
        "end": {
          "line": 3,
          "column": 9
        }
      }
    },
    "fnMap": {
      "0": {
        "name": "(anonymous_0)",
        "decl": {
          "start": {
            "line": 2,
            "column": 2
          },
          "end": {
            "line": 2,
            "column": 16
          }
        },
        "loc": {
          "start": {
            "line": 2,
            "column": 35
          },
          "end": {
            "line": 4,
            "column": null
          }
        }
      }
    },
    "branchMap": {},
    "s": {
      "0": 1,
      "1": 1
    },
    "f": {
      "0": 1
    },
    "b": {}
  },
  "/Users/andressild/Projects/time_tracker_front/store/actions.js": {
    "path": "/Users/andressild/Projects/time_tracker_front/store/actions.js",
    "statementMap": {
      "0": {
        "start": {
          "line": 4,
          "column": 2
        },
        "end": {
          "line": 4,
          "column": 20
        }
      }
    },
    "fnMap": {},
    "branchMap": {},
    "s": {
      "0": 1
    },
    "f": {},
    "b": {}
  },
  "/Users/andressild/Projects/time_tracker_front/store/index.js": {
    "path": "/Users/andressild/Projects/time_tracker_front/store/index.js",
    "statementMap": {},
    "fnMap": {},
    "branchMap": {},
    "s": {},
    "f": {},
    "b": {}
  },
  "/Users/andressild/Projects/time_tracker_front/store/state.js": {
    "path": "/Users/andressild/Projects/time_tracker_front/store/state.js",
    "statementMap": {},
    "fnMap": {},
    "branchMap": {},
    "s": {},
    "f": {},
    "b": {}
  }
}